2025-09-03 16:31:42,555 - ERROR - OFAC error: Message: invalid session id: session deleted as the browser has closed the connection
from disconnected: not connected to DevTools
  (Session info: chrome=139.0.7258.157)
Stacktrace:
	GetHandleVerifier [0x0x7ff6f9243d85+79397]
	GetHandleVerifier [0x0x7ff6f9243de0+79488]
	(No symbol) [0x0x7ff6f8fec0fa]
	(No symbol) [0x0x7ff6f8fd8355]
	(No symbol) [0x0x7ff6f8ffceee]
	(No symbol) [0x0x7ff6f90727c5]
	(No symbol) [0x0x7ff6f9092c72]
	(No symbol) [0x0x7ff6f906af73]
	(No symbol) [0x0x7ff6f90341b1]
	(No symbol) [0x0x7ff6f9034f43]
	GetHandleVerifier [0x0x7ff6f950e1ed+3005069]
	GetHandleVerifier [0x0x7ff6f950831d+2980797]
	GetHandleVerifier [0x0x7ff6f9527e0d+3110573]
	GetHandleVerifier [0x0x7ff6f925d6de+184190]
	GetHandleVerifier [0x0x7ff6f926516f+215567]
	GetHandleVerifier [0x0x7ff6f924c974+115220]
	GetHandleVerifier [0x0x7ff6f924cb29+115657]
	GetHandleVerifier [0x0x7ff6f9233268+11016]
	BaseThreadInitThunk [0x0x7ff862497374+20]
	RtlUserThreadStart [0x0x7ff86389cc91+33]

2025-09-03 16:31:45,020 - ERROR - OFAC error: Message: no such window: target window already closed
from unknown error: web view not found
  (Session info: chrome=139.0.7258.157)
Stacktrace:
	GetHandleVerifier [0x0x7ff6f9243d85+79397]
	GetHandleVerifier [0x0x7ff6f9243de0+79488]
	(No symbol) [0x0x7ff6f8fec0fa]
	(No symbol) [0x0x7ff6f8fc4601]
	(No symbol) [0x0x7ff6f907257e]
	(No symbol) [0x0x7ff6f9092c72]
	(No symbol) [0x0x7ff6f906af73]
	(No symbol) [0x0x7ff6f90341b1]
	(No symbol) [0x0x7ff6f9034f43]
	GetHandleVerifier [0x0x7ff6f950e1ed+3005069]
	GetHandleVerifier [0x0x7ff6f950831d+2980797]
	GetHandleVerifier [0x0x7ff6f9527e0d+3110573]
	GetHandleVerifier [0x0x7ff6f925d6de+184190]
	GetHandleVerifier [0x0x7ff6f926516f+215567]
	GetHandleVerifier [0x0x7ff6f924c974+115220]
	GetHandleVerifier [0x0x7ff6f924cb29+115657]
	GetHandleVerifier [0x0x7ff6f9233268+11016]
	BaseThreadInitThunk [0x0x7ff862497374+20]
	RtlUserThreadStart [0x0x7ff86389cc91+33]

2025-09-03 16:31:55,942 - ERROR - OFAC error: Message: target frame detached
  (failed to check if window was closed: disconnected: Unable to receive message from renderer)
  (Session info: chrome=139.0.7258.157)
Stacktrace:
	GetHandleVerifier [0x0x7ff6f9243d85+79397]
	GetHandleVerifier [0x0x7ff6f9243de0+79488]
	(No symbol) [0x0x7ff6f8febf2c]
	(No symbol) [0x0x7ff6f8fd969b]
	(No symbol) [0x0x7ff6f8fd855e]
	(No symbol) [0x0x7ff6f8ffceee]
	(No symbol) [0x0x7ff6f8ffc233]
	(No symbol) [0x0x7ff6f9093699]
	(No symbol) [0x0x7ff6f906af73]
	(No symbol) [0x0x7ff6f90341b1]
	(No symbol) [0x0x7ff6f9034f43]
	GetHandleVerifier [0x0x7ff6f950e1ed+3005069]
	GetHandleVerifier [0x0x7ff6f950831d+2980797]
	GetHandleVerifier [0x0x7ff6f9527e0d+3110573]
	GetHandleVerifier [0x0x7ff6f925d6de+184190]
	GetHandleVerifier [0x0x7ff6f926516f+215567]
	GetHandleVerifier [0x0x7ff6f924c974+115220]
	GetHandleVerifier [0x0x7ff6f924cb29+115657]
	GetHandleVerifier [0x0x7ff6f9233268+11016]
	BaseThreadInitThunk [0x0x7ff862497374+20]
	RtlUserThreadStart [0x0x7ff86389cc91+33]

2025-09-03 16:31:58,533 - ERROR - OFAC error: Message: no such window: target window already closed
from unknown error: web view not found
  (Session info: chrome=139.0.7258.157)
Stacktrace:
	GetHandleVerifier [0x0x7ff6f9243d85+79397]
	GetHandleVerifier [0x0x7ff6f9243de0+79488]
	(No symbol) [0x0x7ff6f8fec0fa]
	(No symbol) [0x0x7ff6f8fc4601]
	(No symbol) [0x0x7ff6f907257e]
	(No symbol) [0x0x7ff6f9092c72]
	(No symbol) [0x0x7ff6f906af73]
	(No symbol) [0x0x7ff6f90341b1]
	(No symbol) [0x0x7ff6f9034f43]
	GetHandleVerifier [0x0x7ff6f950e1ed+3005069]
	GetHandleVerifier [0x0x7ff6f950831d+2980797]
	GetHandleVerifier [0x0x7ff6f9527e0d+3110573]
	GetHandleVerifier [0x0x7ff6f925d6de+184190]
	GetHandleVerifier [0x0x7ff6f926516f+215567]
	GetHandleVerifier [0x0x7ff6f924c974+115220]
	GetHandleVerifier [0x0x7ff6f924cb29+115657]
	GetHandleVerifier [0x0x7ff6f9233268+11016]
	BaseThreadInitThunk [0x0x7ff862497374+20]
	RtlUserThreadStart [0x0x7ff86389cc91+33]

2025-09-03 16:32:04,135 - ERROR - OFAC error: Message: no such window: target window already closed
from unknown error: web view not found
  (Session info: chrome=139.0.7258.157)
Stacktrace:
	GetHandleVerifier [0x0x7ff6f9243d85+79397]
	GetHandleVerifier [0x0x7ff6f9243de0+79488]
	(No symbol) [0x0x7ff6f8fec0fa]
	(No symbol) [0x0x7ff6f8fc4601]
	(No symbol) [0x0x7ff6f907257e]
	(No symbol) [0x0x7ff6f9092c72]
	(No symbol) [0x0x7ff6f906af73]
	(No symbol) [0x0x7ff6f90341b1]
	(No symbol) [0x0x7ff6f9034f43]
	GetHandleVerifier [0x0x7ff6f950e1ed+3005069]
	GetHandleVerifier [0x0x7ff6f950831d+2980797]
	GetHandleVerifier [0x0x7ff6f9527e0d+3110573]
	GetHandleVerifier [0x0x7ff6f925d6de+184190]
	GetHandleVerifier [0x0x7ff6f926516f+215567]
	GetHandleVerifier [0x0x7ff6f924c974+115220]
	GetHandleVerifier [0x0x7ff6f924cb29+115657]
	GetHandleVerifier [0x0x7ff6f9233268+11016]
	BaseThreadInitThunk [0x0x7ff862497374+20]
	RtlUserThreadStart [0x0x7ff86389cc91+33]

2025-09-03 16:46:49,521 - INFO - C:\Users\Edinson\Desktop\TODO\CODIGOS\14_CONSULTOR\V6\seleniumweb\automa\selenium_script.py changed, reloading.
2025-09-03 16:49:20,792 - ERROR - Policía error: Message: 
Stacktrace:
	GetHandleVerifier [0x0x7ff6f9243d85+79397]
	GetHandleVerifier [0x0x7ff6f9243de0+79488]
	(No symbol) [0x0x7ff6f8fec0fa]
	(No symbol) [0x0x7ff6f9042fd6]
	(No symbol) [0x0x7ff6f904328c]
	(No symbol) [0x0x7ff6f9096537]
	(No symbol) [0x0x7ff6f906b1df]
	(No symbol) [0x0x7ff6f9093344]
	(No symbol) [0x0x7ff6f906af73]
	(No symbol) [0x0x7ff6f90341b1]
	(No symbol) [0x0x7ff6f9034f43]
	GetHandleVerifier [0x0x7ff6f950e1ed+3005069]
	GetHandleVerifier [0x0x7ff6f950831d+2980797]
	GetHandleVerifier [0x0x7ff6f9527e0d+3110573]
	GetHandleVerifier [0x0x7ff6f925d6de+184190]
	GetHandleVerifier [0x0x7ff6f926516f+215567]
	GetHandleVerifier [0x0x7ff6f924c974+115220]
	GetHandleVerifier [0x0x7ff6f924cb29+115657]
	GetHandleVerifier [0x0x7ff6f9233268+11016]
	BaseThreadInitThunk [0x0x7ff862497374+20]
	RtlUserThreadStart [0x0x7ff86389cc91+33]

2025-09-03 18:18:59,056 - ERROR - Policía error: Message: 
Stacktrace:
	GetHandleVerifier [0x0x7ff7e8073d85+79397]
	GetHandleVerifier [0x0x7ff7e8073de0+79488]
	(No symbol) [0x0x7ff7e7e1c0fa]
	(No symbol) [0x0x7ff7e7e72fd6]
	(No symbol) [0x0x7ff7e7e7328c]
	(No symbol) [0x0x7ff7e7ec6537]
	(No symbol) [0x0x7ff7e7e9b1df]
	(No symbol) [0x0x7ff7e7ec3344]
	(No symbol) [0x0x7ff7e7e9af73]
	(No symbol) [0x0x7ff7e7e641b1]
	(No symbol) [0x0x7ff7e7e64f43]
	GetHandleVerifier [0x0x7ff7e833e1ed+3005069]
	GetHandleVerifier [0x0x7ff7e833831d+2980797]
	GetHandleVerifier [0x0x7ff7e8357e0d+3110573]
	GetHandleVerifier [0x0x7ff7e808d6de+184190]
	GetHandleVerifier [0x0x7ff7e809516f+215567]
	GetHandleVerifier [0x0x7ff7e807c974+115220]
	GetHandleVerifier [0x0x7ff7e807cb29+115657]
	GetHandleVerifier [0x0x7ff7e8063268+11016]
	BaseThreadInitThunk [0x0x7ff862497374+20]
	RtlUserThreadStart [0x0x7ff86389cc91+33]

2025-09-03 18:23:12,352 - ERROR - Policía error: Message: 
Stacktrace:
	GetHandleVerifier [0x0x7ff7e8073d85+79397]
	GetHandleVerifier [0x0x7ff7e8073de0+79488]
	(No symbol) [0x0x7ff7e7e1c0fa]
	(No symbol) [0x0x7ff7e7e72fd6]
	(No symbol) [0x0x7ff7e7e7328c]
	(No symbol) [0x0x7ff7e7ec6537]
	(No symbol) [0x0x7ff7e7e9b1df]
	(No symbol) [0x0x7ff7e7ec3344]
	(No symbol) [0x0x7ff7e7e9af73]
	(No symbol) [0x0x7ff7e7e641b1]
	(No symbol) [0x0x7ff7e7e64f43]
	GetHandleVerifier [0x0x7ff7e833e1ed+3005069]
	GetHandleVerifier [0x0x7ff7e833831d+2980797]
	GetHandleVerifier [0x0x7ff7e8357e0d+3110573]
	GetHandleVerifier [0x0x7ff7e808d6de+184190]
	GetHandleVerifier [0x0x7ff7e809516f+215567]
	GetHandleVerifier [0x0x7ff7e807c974+115220]
	GetHandleVerifier [0x0x7ff7e807cb29+115657]
	GetHandleVerifier [0x0x7ff7e8063268+11016]
	BaseThreadInitThunk [0x0x7ff862497374+20]
	RtlUserThreadStart [0x0x7ff86389cc91+33]

2025-09-03 19:12:03,888 - ERROR - Policía error: Message: 
Stacktrace:
	GetHandleVerifier [0x0x7ff618b33d85+79397]
	GetHandleVerifier [0x0x7ff618b33de0+79488]
	(No symbol) [0x0x7ff6188dc0fa]
	(No symbol) [0x0x7ff618932fd6]
	(No symbol) [0x0x7ff61893328c]
	(No symbol) [0x0x7ff618986537]
	(No symbol) [0x0x7ff61895b1df]
	(No symbol) [0x0x7ff618983344]
	(No symbol) [0x0x7ff61895af73]
	(No symbol) [0x0x7ff6189241b1]
	(No symbol) [0x0x7ff618924f43]
	GetHandleVerifier [0x0x7ff618dfe1ed+3005069]
	GetHandleVerifier [0x0x7ff618df831d+2980797]
	GetHandleVerifier [0x0x7ff618e17e0d+3110573]
	GetHandleVerifier [0x0x7ff618b4d6de+184190]
	GetHandleVerifier [0x0x7ff618b5516f+215567]
	GetHandleVerifier [0x0x7ff618b3c974+115220]
	GetHandleVerifier [0x0x7ff618b3cb29+115657]
	GetHandleVerifier [0x0x7ff618b23268+11016]
	BaseThreadInitThunk [0x0x7ff862497374+20]
	RtlUserThreadStart [0x0x7ff86389cc91+33]

